# JRE version: OpenJDK Runtime Environment Temurin-21.0.7+6 (21.0.7+6) (build 21.0.7+6-LTS)
# Java VM: OpenJDK 64-Bit Server VM Temurin-21.0.7+6 (21.0.7+6-LTS, mixed mode, sharing, tiered, compressed oops, compressed class ptrs, g1 gc, windows-amd64)
GC Precious Log:
 CardTable entry size: 512
 Card Set container configuration: InlinePtr #cards 5 size 8 Array Of Cards #cards 12 size 40 Howl #buckets 4 coarsen threshold 1843 Howl Bitmap #cards 512 size 80 coarsen threshold 460 Card regions per heap region 1 cards per card region 2048
 CPUs: 28 total, 28 available
 Memory: 16159M
 Large Page Support: Disabled
 NUMA Support: Disabled
 Compressed Oops: Enabled (32-bit)
 Heap Region Size: 1M
 Heap Min Capacity: 8M
 Heap Initial Capacity: 254M
 Heap Max Capacity: 1G
 Pre-touch: Disabled
 Parallel Workers: 20
 Concurrent Workers: 5
 Concurrent Refinement Workers: 20
 Periodic GC: Disabled
Heap:
 garbage-first heap   total 184320K, used 129866K [0x00000000c0000000, 0x0000000100000000)
  region size 1024K, 44 young (45056K), 2 survivors (2048K)
 Metaspace       used 88534K, committed 92480K, reserved 1179648K
  class space    used 11828K, committed 13568K, reserved 1048576K
GC Heap History (20 events):
Event: 23.486 GC heap before
{Heap before GC invocations=16 (full 0):
 garbage-first heap   total 175104K, used 147120K [0x00000000c0000000, 0x0000000100000000)
  region size 1024K, 102 young (104448K), 7 survivors (7168K)
 Metaspace       used 73058K, committed 75136K, reserved 1114112K
  class space    used 10156K, committed 11200K, reserved 1048576K
}
Event: 23.490 GC heap after
{Heap after GC invocations=17 (full 0):
 garbage-first heap   total 175104K, used 52172K [0x00000000c0000000, 0x0000000100000000)
  region size 1024K, 10 young (10240K), 10 survivors (10240K)
 Metaspace       used 73058K, committed 75136K, reserved 1114112K
  class space    used 10156K, committed 11200K, reserved 1048576K
}
Event: 210.398 GC heap before
{Heap before GC invocations=17 (full 0):
 garbage-first heap   total 175104K, used 146380K [0x00000000c0000000, 0x0000000100000000)
  region size 1024K, 102 young (104448K), 10 survivors (10240K)
 Metaspace       used 75862K, committed 78016K, reserved 1179648K
  class space    used 10527K, committed 11584K, reserved 1048576K
}
Event: 210.402 GC heap after
{Heap after GC invocations=18 (full 0):
 garbage-first heap   total 175104K, used 57782K [0x00000000c0000000, 0x0000000100000000)
  region size 1024K, 9 young (9216K), 9 survivors (9216K)
 Metaspace       used 75862K, committed 78016K, reserved 1179648K
  class space    used 10527K, committed 11584K, reserved 1048576K
}
Event: 211.905 GC heap before
{Heap before GC invocations=18 (full 0):
 garbage-first heap   total 175104K, used 153014K [0x00000000c0000000, 0x0000000100000000)
  region size 1024K, 102 young (104448K), 9 survivors (9216K)
 Metaspace       used 78200K, committed 80512K, reserved 1179648K
  class space    used 10876K, committed 12032K, reserved 1048576K
}
Event: 211.909 GC heap after
{Heap after GC invocations=19 (full 0):
 garbage-first heap   total 175104K, used 62922K [0x00000000c0000000, 0x0000000100000000)
  region size 1024K, 11 young (11264K), 11 survivors (11264K)
 Metaspace       used 78200K, committed 80512K, reserved 1179648K
  class space    used 10876K, committed 12032K, reserved 1048576K
}
Event: 266.458 GC heap before
{Heap before GC invocations=20 (full 0):
 garbage-first heap   total 175104K, used 152010K [0x00000000c0000000, 0x0000000100000000)
  region size 1024K, 99 young (101376K), 11 survivors (11264K)
 Metaspace       used 85487K, committed 87872K, reserved 1179648K
  class space    used 11820K, committed 12992K, reserved 1048576K
}
Event: 266.464 GC heap after
{Heap after GC invocations=21 (full 0):
 garbage-first heap   total 175104K, used 69645K [0x00000000c0000000, 0x0000000100000000)
  region size 1024K, 12 young (12288K), 12 survivors (12288K)
 Metaspace       used 85487K, committed 87872K, reserved 1179648K
  class space    used 11820K, committed 12992K, reserved 1048576K
}
Event: 460.393 GC heap before
{Heap before GC invocations=21 (full 0):
 garbage-first heap   total 175104K, used 150541K [0x00000000c0000000, 0x0000000100000000)
  region size 1024K, 92 young (94208K), 12 survivors (12288K)
 Metaspace       used 89320K, committed 91712K, reserved 1179648K
  class space    used 12374K, committed 13568K, reserved 1048576K
}
Event: 460.398 GC heap after
{Heap after GC invocations=22 (full 0):
 garbage-first heap   total 175104K, used 73002K [0x00000000c0000000, 0x0000000100000000)
  region size 1024K, 5 young (5120K), 5 survivors (5120K)
 Metaspace       used 89320K, committed 91712K, reserved 1179648K
  class space    used 12374K, committed 13568K, reserved 1048576K
}
Event: 1352.321 GC heap before
{Heap before GC invocations=22 (full 0):
 garbage-first heap   total 175104K, used 157994K [0x00000000c0000000, 0x0000000100000000)
  region size 1024K, 89 young (91136K), 5 survivors (5120K)
 Metaspace       used 89858K, committed 92288K, reserved 1179648K
  class space    used 12383K, committed 13568K, reserved 1048576K
}
Event: 1352.324 GC heap after
{Heap after GC invocations=23 (full 0):
 garbage-first heap   total 175104K, used 74246K [0x00000000c0000000, 0x0000000100000000)
  region size 1024K, 7 young (7168K), 7 survivors (7168K)
 Metaspace       used 89858K, committed 92288K, reserved 1179648K
  class space    used 12383K, committed 13568K, reserved 1048576K
}
Event: 1867.719 GC heap before
{Heap before GC invocations=24 (full 0):
 garbage-first heap   total 175104K, used 155142K [0x00000000c0000000, 0x0000000100000000)
  region size 1024K, 87 young (89088K), 7 survivors (7168K)
 Metaspace       used 87009K, committed 92288K, reserved 1179648K
  class space    used 11706K, committed 13568K, reserved 1048576K
}
Event: 1867.723 GC heap after
{Heap after GC invocations=25 (full 0):
 garbage-first heap   total 175104K, used 71729K [0x00000000c0000000, 0x0000000100000000)
  region size 1024K, 4 young (4096K), 4 survivors (4096K)
 Metaspace       used 87009K, committed 92288K, reserved 1179648K
  class space    used 11706K, committed 13568K, reserved 1048576K
}
Event: 1889.356 GC heap before
{Heap before GC invocations=25 (full 0):
 garbage-first heap   total 175104K, used 159793K [0x00000000c0000000, 0x0000000100000000)
  region size 1024K, 90 young (92160K), 4 survivors (4096K)
 Metaspace       used 87323K, committed 92288K, reserved 1179648K
  class space    used 11735K, committed 13568K, reserved 1048576K
}
Event: 1889.362 GC heap after
{Heap after GC invocations=26 (full 0):
 garbage-first heap   total 184320K, used 81448K [0x00000000c0000000, 0x0000000100000000)
  region size 1024K, 12 young (12288K), 12 survivors (12288K)
 Metaspace       used 87323K, committed 92288K, reserved 1179648K
  class space    used 11735K, committed 13568K, reserved 1048576K
}
Event: 2426.953 GC heap before
{Heap before GC invocations=26 (full 0):
 garbage-first heap   total 184320K, used 161320K [0x00000000c0000000, 0x0000000100000000)
  region size 1024K, 91 young (93184K), 12 survivors (12288K)
 Metaspace       used 88410K, committed 92416K, reserved 1179648K
  class space    used 11837K, committed 13568K, reserved 1048576K
}
Event: 2426.971 GC heap after
{Heap after GC invocations=27 (full 0):
 garbage-first heap   total 184320K, used 88483K [0x00000000c0000000, 0x0000000100000000)
  region size 1024K, 7 young (7168K), 7 survivors (7168K)
 Metaspace       used 88410K, committed 92416K, reserved 1179648K
  class space    used 11837K, committed 13568K, reserved 1048576K
}
Event: 4250.057 GC heap before
{Heap before GC invocations=28 (full 0):
 garbage-first heap   total 184320K, used 162211K [0x00000000c0000000, 0x0000000100000000)
  region size 1024K, 80 young (81920K), 7 survivors (7168K)
 Metaspace       used 88478K, committed 92480K, reserved 1179648K
  class space    used 11827K, committed 13568K, reserved 1048576K
}
Event: 4250.070 GC heap after
{Heap after GC invocations=29 (full 0):
 garbage-first heap   total 184320K, used 88906K [0x00000000c0000000, 0x0000000100000000)
  region size 1024K, 2 young (2048K), 2 survivors (2048K)
 Metaspace       used 88478K, committed 92480K, reserved 1179648K
  class space    used 11827K, committed 13568K, reserved 1048576K
}

